# JRE version: OpenJDK Runtime Environment (8.0_212-b04) (build 1.8.0_212-b04)
# Java VM: OpenJDK 64-Bit Server VM (25.212-b04 mixed mode bsd-amd64 compressed oops)
Heap:
 PSYoungGen      total 139776K, used 97403K [0x00000007e5d80000, 0x00000007f0800000, 0x00000007f0800000)
  eden space 104960K, 90% used [0x00000007e5d80000,0x00000007eba9efc8,0x00000007ec400000)
  from space 34816K, 5% used [0x00000007ec400000,0x00000007ec600010,0x00000007ee600000)
  to   space 34816K, 0% used [0x00000007ee600000,0x00000007ee600000,0x00000007f0800000)
 ParOldGen       total 337408K, used 177016K [0x00000007d0800000, 0x00000007e5180000, 0x00000007e5d80000)
  object space 337408K, 52% used [0x00000007d0800000,0x00000007db4de0d0,0x00000007e5180000)
 Metaspace       used 105743K, capacity 111806K, committed 111872K, reserved 1146880K
  class space    used 13372K, capacity 14584K, committed 14592K, reserved 1048576K
GC Heap History (10 events):
Event: 1074.195 GC heap before
{Heap before GC invocations=39 (full 4):
 PSYoungGen      total 133120K, used 109072K [0x00000007e5d80000, 0x00000007f0380000, 0x00000007f0800000)
  eden space 99328K, 100% used [0x00000007e5d80000,0x00000007ebe80000,0x00000007ebe80000)
  from space 33792K, 28% used [0x00000007ee280000,0x00000007eec04030,0x00000007f0380000)
  to   space 35328K, 0% used [0x00000007ebe80000,0x00000007ebe80000,0x00000007ee100000)
 ParOldGen       total 337408K, used 168292K [0x00000007d0800000, 0x00000007e5180000, 0x00000007e5d80000)
  object space 337408K, 49% used [0x00000007d0800000,0x00000007dac59178,0x00000007e5180000)
 Metaspace       used 105015K, capacity 110876K, committed 111104K, reserved 1146880K
  class space    used 13350K, capacity 14521K, committed 14592K, reserved 1048576K
Event: 1074.266 GC heap after
Heap after GC invocations=39 (full 4):
 PSYoungGen      total 134656K, used 12123K [0x00000007e5d80000, 0x00000007f0580000, 0x00000007f0800000)
  eden space 99328K, 0% used [0x00000007e5d80000,0x00000007e5d80000,0x00000007ebe80000)
  from space 35328K, 34% used [0x00000007ebe80000,0x00000007eca56ff0,0x00000007ee100000)
  to   space 33280K, 0% used [0x00000007ee500000,0x00000007ee500000,0x00000007f0580000)
 ParOldGen       total 337408K, used 176576K [0x00000007d0800000, 0x00000007e5180000, 0x00000007e5d80000)
  object space 337408K, 52% used [0x00000007d0800000,0x00000007db4700c0,0x00000007e5180000)
 Metaspace       used 105015K, capacity 110876K, committed 111104K, reserved 1146880K
  class space    used 13350K, capacity 14521K, committed 14592K, reserved 1048576K
}
Event: 1075.432 GC heap before
{Heap before GC invocations=40 (full 4):
 PSYoungGen      total 134656K, used 111451K [0x00000007e5d80000, 0x00000007f0580000, 0x00000007f0800000)
  eden space 99328K, 100% used [0x00000007e5d80000,0x00000007ebe80000,0x00000007ebe80000)
  from space 35328K, 34% used [0x00000007ebe80000,0x00000007eca56ff0,0x00000007ee100000)
  to   space 33280K, 0% used [0x00000007ee500000,0x00000007ee500000,0x00000007f0580000)
 ParOldGen       total 337408K, used 176576K [0x00000007d0800000, 0x00000007e5180000, 0x00000007e5d80000)
  object space 337408K, 52% used [0x00000007d0800000,0x00000007db4700c0,0x00000007e5180000)
 Metaspace       used 105056K, capacity 110940K, committed 111104K, reserved 1146880K
  class space    used 13350K, capacity 14521K, committed 14592K, reserved 1048576K
Event: 1075.468 GC heap after
Heap after GC invocations=40 (full 4):
 PSYoungGen      total 138752K, used 17757K [0x00000007e5d80000, 0x00000007f0500000, 0x00000007f0800000)
  eden space 105984K, 0% used [0x00000007e5d80000,0x00000007e5d80000,0x00000007ec500000)
  from space 32768K, 54% used [0x00000007ee500000,0x00000007ef657478,0x00000007f0500000)
  to   space 32768K, 0% used [0x00000007ec500000,0x00000007ec500000,0x00000007ee500000)
 ParOldGen       total 337408K, used 176584K [0x00000007d0800000, 0x00000007e5180000, 0x00000007e5d80000)
  object space 337408K, 52% used [0x00000007d0800000,0x00000007db4720c0,0x00000007e5180000)
 Metaspace       used 105056K, capacity 110940K, committed 111104K, reserved 1146880K
  class space    used 13350K, capacity 14521K, committed 14592K, reserved 1048576K
}
Event: 5266.262 GC heap before
{Heap before GC invocations=41 (full 4):
 PSYoungGen      total 138752K, used 123741K [0x00000007e5d80000, 0x00000007f0500000, 0x00000007f0800000)
  eden space 105984K, 100% used [0x00000007e5d80000,0x00000007ec500000,0x00000007ec500000)
  from space 32768K, 54% used [0x00000007ee500000,0x00000007ef657478,0x00000007f0500000)
  to   space 32768K, 0% used [0x00000007ec500000,0x00000007ec500000,0x00000007ee500000)
 ParOldGen       total 337408K, used 176584K [0x00000007d0800000, 0x00000007e5180000, 0x00000007e5d80000)
  object space 337408K, 52% used [0x00000007d0800000,0x00000007db4720c0,0x00000007e5180000)
 Metaspace       used 105392K, capacity 111370K, committed 111616K, reserved 1146880K
  class space    used 13361K, capacity 14538K, committed 14592K, reserved 1048576K
Event: 5266.411 GC heap after
Heap after GC invocations=41 (full 4):
 PSYoungGen      total 138752K, used 12797K [0x00000007e5d80000, 0x00000007f0500000, 0x00000007f0800000)
  eden space 105984K, 0% used [0x00000007e5d80000,0x00000007e5d80000,0x00000007ec500000)
  from space 32768K, 39% used [0x00000007ec500000,0x00000007ed17f438,0x00000007ee500000)
  to   space 31232K, 0% used [0x00000007ee680000,0x00000007ee680000,0x00000007f0500000)
 ParOldGen       total 337408K, used 176920K [0x00000007d0800000, 0x00000007e5180000, 0x00000007e5d80000)
  object space 337408K, 52% used [0x00000007d0800000,0x00000007db4c60d0,0x00000007e5180000)
 Metaspace       used 105392K, capacity 111370K, committed 111616K, reserved 1146880K
  class space    used 13361K, capacity 14538K, committed 14592K, reserved 1048576K
}
Event: 5268.367 GC heap before
{Heap before GC invocations=42 (full 4):
 PSYoungGen      total 138752K, used 117602K [0x00000007e5d80000, 0x00000007f0500000, 0x00000007f0800000)
  eden space 105984K, 98% used [0x00000007e5d80000,0x00000007ec3d9660,0x00000007ec500000)
  from space 32768K, 39% used [0x00000007ec500000,0x00000007ed17f438,0x00000007ee500000)
  to   space 31232K, 0% used [0x00000007ee680000,0x00000007ee680000,0x00000007f0500000)
 ParOldGen       total 337408K, used 176920K [0x00000007d0800000, 0x00000007e5180000, 0x00000007e5d80000)
  object space 337408K, 52% used [0x00000007d0800000,0x00000007db4c60d0,0x00000007e5180000)
 Metaspace       used 105519K, capacity 111572K, committed 111616K, reserved 1146880K
  class space    used 13367K, capacity 14577K, committed 14592K, reserved 1048576K
Event: 5268.517 GC heap after
Heap after GC invocations=42 (full 4):
 PSYoungGen      total 136192K, used 28113K [0x00000007e5d80000, 0x00000007f0800000, 0x00000007f0800000)
  eden space 104960K, 0% used [0x00000007e5d80000,0x00000007e5d80000,0x00000007ec400000)
  from space 31232K, 90% used [0x00000007ee680000,0x00000007f01f4498,0x00000007f0500000)
  to   space 34816K, 0% used [0x00000007ec400000,0x00000007ec400000,0x00000007ee600000)
 ParOldGen       total 337408K, used 176928K [0x00000007d0800000, 0x00000007e5180000, 0x00000007e5d80000)
  object space 337408K, 52% used [0x00000007d0800000,0x00000007db4c80d0,0x00000007e5180000)
 Metaspace       used 105519K, capacity 111572K, committed 111616K, reserved 1146880K
  class space    used 13367K, capacity 14577K, committed 14592K, reserved 1048576K
}
Event: 5458.518 GC heap before
{Heap before GC invocations=43 (full 4):
 PSYoungGen      total 136192K, used 133073K [0x00000007e5d80000, 0x00000007f0800000, 0x00000007f0800000)
  eden space 104960K, 100% used [0x00000007e5d80000,0x00000007ec400000,0x00000007ec400000)
  from space 31232K, 90% used [0x00000007ee680000,0x00000007f01f4498,0x00000007f0500000)
  to   space 34816K, 0% used [0x00000007ec400000,0x00000007ec400000,0x00000007ee600000)
 ParOldGen       total 337408K, used 176928K [0x00000007d0800000, 0x00000007e5180000, 0x00000007e5d80000)
  object space 337408K, 52% used [0x00000007d0800000,0x00000007db4c80d0,0x00000007e5180000)
 Metaspace       used 105607K, capacity 111610K, committed 111872K, reserved 1146880K
  class space    used 13372K, capacity 14584K, committed 14592K, reserved 1048576K
Event: 5458.636 GC heap after
Heap after GC invocations=43 (full 4):
 PSYoungGen      total 139776K, used 2048K [0x00000007e5d80000, 0x00000007f0800000, 0x00000007f0800000)
  eden space 104960K, 0% used [0x00000007e5d80000,0x00000007e5d80000,0x00000007ec400000)
  from space 34816K, 5% used [0x00000007ec400000,0x00000007ec600010,0x00000007ee600000)
  to   space 34816K, 0% used [0x00000007ee600000,0x00000007ee600000,0x00000007f0800000)
 ParOldGen       total 337408K, used 177016K [0x00000007d0800000, 0x00000007e5180000, 0x00000007e5d80000)
  object space 337408K, 52% used [0x00000007d0800000,0x00000007db4de0d0,0x00000007e5180000)
 Metaspace       used 105607K, capacity 111610K, committed 111872K, reserved 1146880K
  class space    used 13372K, capacity 14584K, committed 14592K, reserved 1048576K
}

